<?xml version="1.0" encoding="UTF-8"?>
<!-- Generated by org.testng.reporters.JUnitReportReporter -->
<testsuite hostname="LAPTOP-R5645O82" failures="0" tests="1" name="test.RefreshPageCommands" time="0.847" errors="0" timestamp="2025-04-21T13:35:18 EDT" skipped="0">
  <testcase classname="test.RefreshPageCommands" name="five" time="0.847"/>
</testsuite> <!-- test.RefreshPageCommands -->
