<?xml version="1.0" encoding="UTF-8"?>
<!-- Generated by org.testng.reporters.JUnitReportReporter -->
<testsuite hostname="LAPTOP-R5645O82" failures="0" tests="1" name="test.interviewQuestionCodes" time="0.016" errors="0" timestamp="2025-04-16T18:44:00 EDT" skipped="0">
  <testcase classname="test.interviewQuestionCodes" name="reverseList" time="0.016"/>
</testsuite> <!-- test.interviewQuestionCodes -->
