<?xml version="1.0" encoding="UTF-8"?>
<!-- Generated by org.testng.reporters.JUnitReportReporter -->
<testsuite hostname="LAPTOP-R5645O82" failures="0" tests="1" name="test.ErrorLoginValidation" time="2.170" errors="0" timestamp="2025-05-02T15:08:25 EDT" skipped="0">
  <testcase classname="test.ErrorLoginValidation" name="verifyLoginError" time="2.170"/>
</testsuite> <!-- test.ErrorLoginValidation -->
