<?xml version="1.0" encoding="UTF-8"?>
<!-- Generated by org.testng.reporters.JUnitReportReporter -->
<testsuite hostname="Sasanga" failures="0" tests="1" name="test.ErrorLoginValidation" time="2.976" errors="0" timestamp="2025-03-24T16:08:45 EDT" skipped="0">
  <testcase classname="test.ErrorLoginValidation" name="verifyLoginError" time="2.976"/>
  <system-out/>
</testsuite> <!-- test.ErrorLoginValidation -->
