<?xml version="1.0" encoding="UTF-8"?>
<!-- Generated by org.testng.reporters.JUnitReportReporter -->
<testsuite hostname="Sasanga" failures="0" tests="1" name="test.ErrorLoginValidation" time="3.023" errors="0" timestamp="2025-04-08T17:33:50 EDT" skipped="0">
  <testcase classname="test.ErrorLoginValidation" name="verifyLoginError" time="3.023"/>
  <system-out/>
</testsuite> <!-- test.ErrorLoginValidation -->
