<?xml version="1.0" encoding="UTF-8"?>
<!-- Generated by org.testng.reporters.JUnitReportReporter -->
<testsuite hostname="LAPTOP-R5645O82" failures="0" tests="1" name="test.interviewQuestionCodes" time="4.136" errors="0" timestamp="2025-05-13T17:05:44 EDT" skipped="0">
  <testcase classname="test.interviewQuestionCodes" name="removeDuplicates" time="4.136"/>
</testsuite> <!-- test.interviewQuestionCodes -->
