<?xml version="1.0" encoding="UTF-8"?>
<!-- Generated by org.testng.reporters.JUnitReportReporter -->
<testsuite hostname="Sasanga" failures="0" tests="1" name="util.ExtentReport" time="0.036" errors="0" timestamp="2025-04-07T10:52:17 EDT" skipped="0">
  <testcase classname="util.ExtentReport" name="extentReportTest1" time="0.036"/>
  <system-out/>
</testsuite> <!-- util.ExtentReport -->
