<?xml version="1.0" encoding="UTF-8"?>
<!-- Generated by org.testng.reporters.JUnitReportReporter -->
<testsuite hostname="Sasanga" failures="0" tests="1" name="test.ExecuteXpath" time="2.251" errors="0" timestamp="2025-04-11T17:32:47 EDT" skipped="0">
  <testcase classname="test.ExecuteXpath" name="assertTest" time="2.251"/>
  <system-out/>
</testsuite> <!-- test.ExecuteXpath -->
