<?xml version="1.0" encoding="UTF-8"?>
<!-- Generated by org.testng.reporters.JUnitReportReporter -->
<testsuite hostname="Sasanga" failures="0" tests="2" name="test.HandlingKeyboardKeys" time="12.128" errors="0" timestamp="2025-03-26T15:07:18 EDT" skipped="1">
  <testcase classname="test.HandlingKeyboardKeys" name="usingRobotClassForKeyStokes" time="12.128"/>
  <system-out/>
  <testcase classname="test.HandlingKeyboardKeys" name="verifyLoginWithKeyboardStrokes">
    <skipped/>
  </testcase> <!-- verifyLoginWithKeyboardStrokes -->
  <system-out/>
</testsuite> <!-- test.HandlingKeyboardKeys -->
