<?xml version="1.0" encoding="UTF-8"?>
<!-- Generated by org.testng.reporters.JUnitReportReporter -->
<testsuite hostname="LAPTOP-R5645O82" failures="0" tests="4" name="test.interviewQuestionCodes" time="15.985" errors="0" timestamp="2025-04-25T18:19:58 EDT" skipped="0">
  <testcase classname="test.interviewQuestionCodes" name="oddNumber" time="8.844"/>
  <testcase classname="test.interviewQuestionCodes" name="largerNumber" time="7.137"/>
  <testcase classname="test.interviewQuestionCodes" name="reverseList" time="0.002"/>
  <testcase classname="test.interviewQuestionCodes" name="productOfNumber" time="0.002"/>
</testsuite> <!-- test.interviewQuestionCodes -->
