<?xml version="1.0" encoding="UTF-8"?>
<!-- Generated by org.testng.reporters.JUnitReportReporter -->
<testsuite hostname="Sasanga" failures="0" tests="1" name="test.ExecuteXpath" time="0.124" errors="0" timestamp="2025-04-10T15:46:17 EDT" skipped="0">
  <testcase classname="test.ExecuteXpath" name="assertTest" time="0.124"/>
  <system-out/>
</testsuite> <!-- test.ExecuteXpath -->
