<?xml version="1.0" encoding="UTF-8"?>
<!-- Generated by org.testng.reporters.JUnitReportReporter -->
<testsuite hostname="LAPTOP-R5645O82" failures="0" tests="8" name="test.interviewQuestionCodes" time="74.143" errors="0" timestamp="2025-05-14T11:49:46 EDT" skipped="0">
  <testcase classname="test.interviewQuestionCodes" name="printFibonacci1" time="0.006"/>
  <testcase classname="test.interviewQuestionCodes" name="largerNumber" time="12.365"/>
  <testcase classname="test.interviewQuestionCodes" name="oddNumber" time="11.720"/>
  <testcase classname="test.interviewQuestionCodes" name="productOfNumber" time="0.001"/>
  <testcase classname="test.interviewQuestionCodes" name="hashSetRemoveDuplicates" time="0.010"/>
  <testcase classname="test.interviewQuestionCodes" name="printFibonacci2" time="0.004"/>
  <testcase classname="test.interviewQuestionCodes" name="removeDuplicates" time="50.034"/>
  <testcase classname="test.interviewQuestionCodes" name="reverseList" time="0.003"/>
</testsuite> <!-- test.interviewQuestionCodes -->
