<?xml version="1.0" encoding="UTF-8"?>
<!-- Generated by org.testng.reporters.JUnitReportReporter -->
<testsuite hostname="Sasanga" failures="0" tests="4" name="test.TestExecutionOrder" time="0.025" errors="0" timestamp="2025-04-08T19:21:03 EDT" skipped="0">
  <testcase classname="test.TestExecutionOrder" name="openBrowser" time="0.005"/>
  <system-out/>
  <testcase classname="test.TestExecutionOrder" name="getpayment" time="0.003"/>
  <system-out/>
  <testcase classname="test.TestExecutionOrder" name="finalOption" time="0.014"/>
  <system-out/>
  <testcase classname="test.TestExecutionOrder" name="closed" time="0.003"/>
  <system-out/>
</testsuite> <!-- test.TestExecutionOrder -->
