<?xml version="1.0" encoding="UTF-8"?>
<!-- Generated by org.testng.reporters.JUnitReportReporter -->
<testsuite hostname="LAPTOP-R5645O82" failures="0" tests="4" name="test.PracticeDifferentElements" time="6.625" errors="0" timestamp="2025-04-18T18:17:41 EDT" skipped="0">
  <testcase classname="test.PracticeDifferentElements" name="linkTextofLinks" time="0.277"/>
  <testcase classname="test.PracticeDifferentElements" name="inputBox" time="6.291"/>
  <testcase classname="test.PracticeDifferentElements" name="hiddenElementClick" time="0.021"/>
  <testcase classname="test.PracticeDifferentElements" name="nthType" time="0.036"/>
</testsuite> <!-- test.PracticeDifferentElements -->
