<?xml version="1.0" encoding="UTF-8"?>
<!-- Generated by org.testng.reporters.JUnitReportReporter -->
<testsuite hostname="LAPTOP-R5645O82" failures="0" tests="1" name="test.ExecuteXpathSoftAssert" time="2.179" errors="0" timestamp="2025-04-21T12:26:58 EDT" skipped="0">
  <testcase classname="test.ExecuteXpathSoftAssert" name="assertTest" time="2.179"/>
</testsuite> <!-- test.ExecuteXpathSoftAssert -->
