<?xml version="1.0" encoding="UTF-8"?>
<!-- Generated by org.testng.reporters.JUnitReportReporter -->
<testsuite hostname="Sasanga" failures="0" tests="1" name="test.interviewQuestionCodes" time="0.015" errors="0" timestamp="2025-04-08T19:04:43 EDT" skipped="0">
  <testcase classname="test.interviewQuestionCodes" name="reverseList" time="0.015"/>
  <system-out/>
</testsuite> <!-- test.interviewQuestionCodes -->
