<?xml version="1.0" encoding="UTF-8"?>
<!-- Generated by org.testng.reporters.JUnitReportReporter -->
<testsuite hostname="LAPTOP-R5645O82" failures="0" tests="6" name="test.PracticeDifferentElements" time="6.494" errors="0" timestamp="2025-04-23T12:07:40 EDT" skipped="3">
  <testcase classname="test.PracticeDifferentElements" name="doubleClick" time="3.266"/>
  <testcase classname="test.PracticeDifferentElements" name="hiddenElementClick" time="0.020"/>
  <testcase classname="test.PracticeDifferentElements" name="rightClick" time="3.208"/>
  <testcase classname="test.PracticeDifferentElements" name="nthType">
    <skipped/>
  </testcase> <!-- nthType -->
  <testcase classname="test.PracticeDifferentElements" name="linkTextofLinks">
    <skipped/>
  </testcase> <!-- linkTextofLinks -->
  <testcase classname="test.PracticeDifferentElements" name="inputBox">
    <skipped/>
  </testcase> <!-- inputBox -->
</testsuite> <!-- test.PracticeDifferentElements -->
